[0m15:07:55.374263 [debug] [MainThread]: Sending event: {'category': 'dbt', 'action': 'invocation', 'label': 'start', 'context': [<snowplow_tracker.self_describing_json.SelfDescribingJson object at 0x000001E7440FEF20>, <snowplow_tracker.self_describing_json.SelfDescribingJson object at 0x000001E7461111E0>, <snowplow_tracker.self_describing_json.SelfDescribingJson object at 0x000001E746110F70>]}


============================== 15:07:55.379497 | 6abb77b1-df4d-46a0-bad8-b315060fc85d ==============================
[0m15:07:55.379497 [info ] [MainThread]: Running with dbt=1.9.6
[0m15:07:55.381525 [debug] [MainThread]: running dbt with arguments {'printer_width': '80', 'indirect_selection': 'eager', 'write_json': 'True', 'log_cache_events': 'False', 'partial_parse': 'True', 'cache_selected_only': 'False', 'warn_error': 'None', 'fail_fast': 'False', 'version_check': 'True', 'log_path': 'logs', 'debug': 'False', 'profiles_dir': 'C:\\Users\\thien\\.dbt', 'use_colors': 'True', 'use_experimental_parser': 'False', 'no_print': 'None', 'quiet': 'False', 'empty': 'None', 'warn_error_options': 'WarnErrorOptions(include=[], exclude=[])', 'static_parser': 'True', 'introspect': 'True', 'log_format': 'default', 'target_path': 'None', 'invocation_command': 'dbt init', 'send_anonymous_usage_stats': 'True'}
[0m15:08:03.922997 [debug] [MainThread]: Starter project path: C:\Users\thien\AppData\Local\Programs\Python\Python310\lib\site-packages\dbt\include\starter_project
[0m15:08:03.950306 [info ] [MainThread]: 
Your new dbt project "custom_postgres" was created!

For more information on how to configure the profiles.yml file,
please consult the dbt documentation here:

  https://docs.getdbt.com/docs/configure-your-profile

One more thing:

Need help? Don't hesitate to reach out to us via GitHub issues or on Slack:

  https://community.getdbt.com/

Happy modeling!

[0m15:08:03.951327 [info ] [MainThread]: Setting up your profile.
[0m15:13:29.190732 [info ] [MainThread]: Profile custom_postgres written to C:\Users\thien\.dbt\profiles.yml using target's profile_template.yml and your supplied values. Run 'dbt debug' to validate the connection.
[0m15:13:29.193263 [debug] [MainThread]: Command `dbt init` succeeded at 15:13:29.192734 after 333.90 seconds
[0m15:13:29.193263 [debug] [MainThread]: Sending event: {'category': 'dbt', 'action': 'invocation', 'label': 'end', 'context': [<snowplow_tracker.self_describing_json.SelfDescribingJson object at 0x000001E7440FEF20>, <snowplow_tracker.self_describing_json.SelfDescribingJson object at 0x000001E746110F10>, <snowplow_tracker.self_describing_json.SelfDescribingJson object at 0x000001E746271870>]}
[0m15:13:29.194275 [debug] [MainThread]: Flushing usage events
[0m15:13:41.359437 [debug] [MainThread]: An error was encountered while trying to flush usage events
